<?xml version="1.0" encoding="UTF-8"?>
<testng-results ignored="0" total="2" passed="2" failed="0" skipped="0">
  <reporter-output>
  </reporter-output>
  <suite started-at="2024-12-20T11:25:00 IST" name="Suite" finished-at="2024-12-20T11:25:23 IST" duration-ms="22777">
    <groups>
      <group name="Master">
        <method signature="TC01_AccountRegistrationTest.verify_account_registration()[pri:0, instance:testCases.TC01_AccountRegistrationTest@512baff6]" name="verify_account_registration" class="testCases.TC01_AccountRegistrationTest"/>
        <method signature="TC02_LoginTest.verify_login()[pri:0, instance:testCases.TC02_LoginTest@130e116b]" name="verify_login" class="testCases.TC02_LoginTest"/>
      </group> <!-- Master -->
      <group name="Sanity">
        <method signature="TC01_AccountRegistrationTest.verify_account_registration()[pri:0, instance:testCases.TC01_AccountRegistrationTest@512baff6]" name="verify_account_registration" class="testCases.TC01_AccountRegistrationTest"/>
      </group> <!-- Sanity -->
      <group name="Regression">
        <method signature="TC02_LoginTest.verify_login()[pri:0, instance:testCases.TC02_LoginTest@130e116b]" name="verify_login" class="testCases.TC02_LoginTest"/>
      </group> <!-- Regression -->
    </groups>
    <test started-at="2024-12-20T11:25:00 IST" name="Test" finished-at="2024-12-20T11:25:23 IST" duration-ms="22777">
      <class name="testCases.TC01_AccountRegistrationTest">
        <test-method is-config="true" signature="setUp(java.lang.String,java.lang.String)[pri:0, instance:testCases.TC01_AccountRegistrationTest@512baff6]" started-at="2024-12-20T11:25:01 IST" name="setUp" finished-at="2024-12-20T11:25:09 IST" duration-ms="8288" status="PASS">
          <params>
            <param index="0">
              <value>
                <![CDATA[windows]]>
              </value>
            </param>
            <param index="1">
              <value>
                <![CDATA[chrome]]>
              </value>
            </param>
          </params>
          <reporter-output>
          </reporter-output>
        </test-method> <!-- setUp -->
        <test-method signature="verify_account_registration()[pri:0, instance:testCases.TC01_AccountRegistrationTest@512baff6]" started-at="2024-12-20T11:25:09 IST" name="verify_account_registration" finished-at="2024-12-20T11:25:13 IST" duration-ms="3841" status="PASS">
          <reporter-output>
          </reporter-output>
        </test-method> <!-- verify_account_registration -->
        <test-method is-config="true" signature="tearDown()[pri:0, instance:testCases.TC01_AccountRegistrationTest@512baff6]" started-at="2024-12-20T11:25:13 IST" name="tearDown" finished-at="2024-12-20T11:25:13 IST" duration-ms="448" status="PASS">
          <reporter-output>
          </reporter-output>
        </test-method> <!-- tearDown -->
      </class> <!-- testCases.TC01_AccountRegistrationTest -->
      <class name="testCases.TC02_LoginTest">
        <test-method is-config="true" signature="setUp(java.lang.String,java.lang.String)[pri:0, instance:testCases.TC02_LoginTest@130e116b]" started-at="2024-12-20T11:25:13 IST" name="setUp" finished-at="2024-12-20T11:25:20 IST" duration-ms="6530" status="PASS">
          <params>
            <param index="0">
              <value>
                <![CDATA[windows]]>
              </value>
            </param>
            <param index="1">
              <value>
                <![CDATA[chrome]]>
              </value>
            </param>
          </params>
          <reporter-output>
          </reporter-output>
        </test-method> <!-- setUp -->
        <test-method signature="verify_login()[pri:0, instance:testCases.TC02_LoginTest@130e116b]" started-at="2024-12-20T11:25:20 IST" name="verify_login" finished-at="2024-12-20T11:25:22 IST" duration-ms="2677" status="PASS">
          <reporter-output>
          </reporter-output>
        </test-method> <!-- verify_login -->
        <test-method is-config="true" signature="tearDown()[pri:0, instance:testCases.TC02_LoginTest@130e116b]" started-at="2024-12-20T11:25:22 IST" name="tearDown" finished-at="2024-12-20T11:25:23 IST" duration-ms="450" status="PASS">
          <reporter-output>
          </reporter-output>
        </test-method> <!-- tearDown -->
      </class> <!-- testCases.TC02_LoginTest -->
    </test> <!-- Test -->
  </suite> <!-- Suite -->
</testng-results>
