<?xml version="1.0" encoding="UTF-8"?>
<testng-results ignored="0" total="1" passed="1" failed="0" skipped="0">
  <reporter-output>
  </reporter-output>
  <suite started-at="2024-12-19T21:42:08 IST" name="Suite" finished-at="2024-12-19T21:42:31 IST" duration-ms="22362">
    <groups>
      <group name="Master">
        <method signature="TC02_LoginTest.verify_login()[pri:0, instance:testCases.TC02_LoginTest@4c51cf28]" name="verify_login" class="testCases.TC02_LoginTest"/>
      </group> <!-- Master -->
      <group name="Regression">
        <method signature="TC02_LoginTest.verify_login()[pri:0, instance:testCases.TC02_LoginTest@4c51cf28]" name="verify_login" class="testCases.TC02_LoginTest"/>
      </group> <!-- Regression -->
    </groups>
    <test started-at="2024-12-19T21:42:08 IST" name="Test" finished-at="2024-12-19T21:42:31 IST" duration-ms="22362">
      <class name="testCases.TC02_LoginTest">
        <test-method is-config="true" signature="setUp(java.lang.String,java.lang.String)[pri:0, instance:testCases.TC02_LoginTest@4c51cf28]" started-at="2024-12-19T21:42:09 IST" name="setUp" finished-at="2024-12-19T21:42:27 IST" duration-ms="18183" status="PASS">
          <params>
            <param index="0">
              <value>
                <![CDATA[windows]]>
              </value>
            </param>
            <param index="1">
              <value>
                <![CDATA[chrome]]>
              </value>
            </param>
          </params>
          <reporter-output>
          </reporter-output>
        </test-method> <!-- setUp -->
        <test-method signature="verify_login()[pri:0, instance:testCases.TC02_LoginTest@4c51cf28]" started-at="2024-12-19T21:42:27 IST" name="verify_login" finished-at="2024-12-19T21:42:30 IST" duration-ms="2720" status="PASS">
          <reporter-output>
          </reporter-output>
        </test-method> <!-- verify_login -->
        <test-method is-config="true" signature="tearDown()[pri:0, instance:testCases.TC02_LoginTest@4c51cf28]" started-at="2024-12-19T21:42:30 IST" name="tearDown" finished-at="2024-12-19T21:42:31 IST" duration-ms="724" status="PASS">
          <reporter-output>
          </reporter-output>
        </test-method> <!-- tearDown -->
      </class> <!-- testCases.TC02_LoginTest -->
    </test> <!-- Test -->
  </suite> <!-- Suite -->
</testng-results>
